GAS LISTING /tmp/ccbPuX8P.s 			page 1


   1               		.file	"led.cpp"
   2               	__SP_H__ = 0x3e
   3               	__SP_L__ = 0x3d
   4               	__SREG__ = 0x3f
   5               	__tmp_reg__ = 0
   6               	__zero_reg__ = 1
   7               		.stabs	"/home/sirius/inf1995/inf1995-0723/codeCommun/tp/projet/libpout/",100,0,4,.Ltext0
   8               		.stabs	"src/led.cpp",100,0,4,.Ltext0
   9               		.text
  10               	.Ltext0:
  11               		.stabs	"gcc2_compiled.",60,0,0,0
  12               		.stabs	"__uint24:t(0,1)=@s24;r(0,1);0;077777777;",128,0,0,0
  13               		.stabs	"__int24:t(0,2)=@s24;r(0,2);040000000;037777777;",128,0,0,0
  14               		.stabs	"__builtin_va_list:t(0,3)=*(0,4)=(0,4)",128,0,0,0
  15               		.stabs	"complex long double:t(0,5)=R3;8;0;",128,0,0,0
  16               		.stabs	"complex double:t(0,6)=R3;8;0;",128,0,0,0
  17               		.stabs	"complex float:t(0,7)=R3;8;0;",128,0,0,0
  18               		.stabs	"complex int:t(0,8)=s4real:(0,9)=r(0,9);-32768;32767;,0,16;imag:(0,9),16,16;;",128,0,0,0
  19               		.stabs	"long long unsigned int:t(0,10)=@s64;r(0,10);0;01777777777777777777777;",128,0,0,0
  20               		.stabs	"long unsigned int:t(0,11)=@s32;r(0,11);0;037777777777;",128,0,0,0
  21               		.stabs	"unsigned int:t(0,12)=r(0,12);0;0177777;",128,0,0,0
  22               		.stabs	"unsigned char:t(0,13)=@s8;r(0,13);0;255;",128,0,0,0
  23               		.stabs	"long long int:t(0,14)=@s64;r(0,14);01000000000000000000000;0777777777777777777777;",128,0,
  24               		.stabs	"long int:t(0,15)=@s32;r(0,15);020000000000;017777777777;",128,0,0,0
  25               		.stabs	"int:t(0,9)",128,0,0,0
  26               		.stabs	"signed char:t(0,16)=@s8;r(0,16);-128;127;",128,0,0,0
  27               		.stabs	"char:t(0,17)=@s8;r(0,17);0;255;",128,0,0,0
  28               		.stabs	"signed:t(0,9)",128,0,0,0
  29               		.stabs	"unsigned long:t(0,11)",128,0,0,0
  30               		.stabs	"long long unsigned:t(0,10)",128,0,0,0
  31               		.stabs	"short int:t(0,18)=r(0,18);-32768;32767;",128,0,0,0
  32               		.stabs	"short unsigned int:t(0,19)=r(0,19);0;0177777;",128,0,0,0
  33               		.stabs	"unsigned short:t(0,19)",128,0,0,0
  34               		.stabs	"float:t(0,20)=r(0,9);4;0;",128,0,0,0
  35               		.stabs	"double:t(0,21)=r(0,9);4;0;",128,0,0,0
  36               		.stabs	"long double:t(0,22)=r(0,9);4;0;",128,0,0,0
  37               		.stabs	"short _Fract:t(0,23)=r(0,9);1;0;",128,0,0,0
  38               		.stabs	"long _Fract:t(0,24)=r(0,9);4;0;",128,0,0,0
  39               		.stabs	"long long _Fract:t(0,25)=r(0,9);8;0;",128,0,0,0
  40               		.stabs	"unsigned short _Fract:t(0,26)=r(0,9);1;0;",128,0,0,0
  41               		.stabs	"unsigned _Fract:t(0,27)=r(0,9);2;0;",128,0,0,0
  42               		.stabs	"unsigned long _Fract:t(0,28)=r(0,9);4;0;",128,0,0,0
  43               		.stabs	"unsigned long long _Fract:t(0,29)=r(0,9);8;0;",128,0,0,0
  44               		.stabs	"_Sat short _Fract:t(0,30)=r(0,9);1;0;",128,0,0,0
  45               		.stabs	"_Sat _Fract:t(0,31)=r(0,9);2;0;",128,0,0,0
  46               		.stabs	"_Sat long _Fract:t(0,32)=r(0,9);4;0;",128,0,0,0
  47               		.stabs	"_Sat long long _Fract:t(0,33)=r(0,9);8;0;",128,0,0,0
  48               		.stabs	"_Sat unsigned short _Fract:t(0,34)=r(0,9);1;0;",128,0,0,0
  49               		.stabs	"_Sat unsigned _Fract:t(0,35)=r(0,9);2;0;",128,0,0,0
  50               		.stabs	"_Sat unsigned long _Fract:t(0,36)=r(0,9);4;0;",128,0,0,0
  51               		.stabs	"_Sat unsigned long long _Fract:t(0,37)=r(0,9);8;0;",128,0,0,0
  52               		.stabs	"short _Accum:t(0,38)=r(0,9);2;0;",128,0,0,0
  53               		.stabs	"long _Accum:t(0,39)=r(0,9);8;0;",128,0,0,0
  54               		.stabs	"long long _Accum:t(0,40)=r(0,9);8;0;",128,0,0,0
  55               		.stabs	"unsigned short _Accum:t(0,41)=r(0,9);2;0;",128,0,0,0
  56               		.stabs	"unsigned _Accum:t(0,42)=r(0,9);4;0;",128,0,0,0
  57               		.stabs	"unsigned long _Accum:t(0,43)=r(0,9);8;0;",128,0,0,0
GAS LISTING /tmp/ccbPuX8P.s 			page 2


  58               		.stabs	"unsigned long long _Accum:t(0,44)=r(0,9);8;0;",128,0,0,0
  59               		.stabs	"_Sat short _Accum:t(0,45)=r(0,9);2;0;",128,0,0,0
  60               		.stabs	"_Sat _Accum:t(0,46)=r(0,9);4;0;",128,0,0,0
  61               		.stabs	"_Sat long _Accum:t(0,47)=r(0,9);8;0;",128,0,0,0
  62               		.stabs	"_Sat long long _Accum:t(0,48)=r(0,9);8;0;",128,0,0,0
  63               		.stabs	"_Sat unsigned short _Accum:t(0,49)=r(0,9);2;0;",128,0,0,0
  64               		.stabs	"_Sat unsigned _Accum:t(0,50)=r(0,9);4;0;",128,0,0,0
  65               		.stabs	"_Sat unsigned long _Accum:t(0,51)=r(0,9);8;0;",128,0,0,0
  66               		.stabs	"_Sat unsigned long long _Accum:t(0,52)=r(0,9);8;0;",128,0,0,0
  67               		.stabs	"void:t(0,4)",128,0,0,0
  68               		.stabs	"wchar_t:t(0,53)=r(0,53);-32768;32767;",128,0,0,0
  69               		.stabs	"bool:t(0,54)=@s8;-16;",128,0,0,0
  70               		.stabs	"__vtbl_ptr_type:t(0,55)=*(0,56)=f(0,9)",128,0,0,0
  71               		.stabs	"decltype(nullptr):t(0,57)=(0,57)",128,0,0,0
  72               		.stabs	"int8_t:t(0,58)=(0,16)",128,0,122,0
  73               		.stabs	"uint8_t:t(0,59)=(0,13)",128,0,123,0
  74               		.stabs	"int16_t:t(0,60)=(0,9)",128,0,124,0
  75               		.stabs	"uint16_t:t(0,61)=(0,12)",128,0,125,0
  76               		.stabs	"int32_t:t(0,62)=(0,15)",128,0,126,0
  77               		.stabs	"uint32_t:t(0,63)=(0,11)",128,0,127,0
  78               		.stabs	"int64_t:t(0,64)=(0,14)",128,0,129,0
  79               		.stabs	"uint64_t:t(0,65)=(0,10)",128,0,130,0
  80               		.stabs	"intptr_t:t(0,66)=(0,60)",128,0,143,0
  81               		.stabs	"uintptr_t:t(0,67)=(0,61)",128,0,148,0
  82               		.stabs	"int_least8_t:t(0,68)=(0,58)",128,0,160,0
  83               		.stabs	"uint_least8_t:t(0,69)=(0,59)",128,0,165,0
  84               		.stabs	"int_least16_t:t(0,70)=(0,60)",128,0,170,0
  85               		.stabs	"uint_least16_t:t(0,71)=(0,61)",128,0,175,0
  86               		.stabs	"int_least32_t:t(0,72)=(0,62)",128,0,180,0
  87               		.stabs	"uint_least32_t:t(0,73)=(0,63)",128,0,185,0
  88               		.stabs	"int_least64_t:t(0,74)=(0,64)",128,0,193,0
  89               		.stabs	"uint_least64_t:t(0,75)=(0,65)",128,0,200,0
  90               		.stabs	"int_fast8_t:t(0,76)=(0,58)",128,0,214,0
  91               		.stabs	"uint_fast8_t:t(0,77)=(0,59)",128,0,219,0
  92               		.stabs	"int_fast16_t:t(0,78)=(0,60)",128,0,224,0
  93               		.stabs	"uint_fast16_t:t(0,79)=(0,61)",128,0,229,0
  94               		.stabs	"int_fast32_t:t(0,80)=(0,62)",128,0,234,0
  95               		.stabs	"uint_fast32_t:t(0,81)=(0,63)",128,0,239,0
  96               		.stabs	"int_fast64_t:t(0,82)=(0,64)",128,0,247,0
  97               		.stabs	"uint_fast64_t:t(0,83)=(0,65)",128,0,254,0
  98               		.stabs	"intmax_t:t(0,84)=(0,64)",128,0,274,0
  99               		.stabs	"uintmax_t:t(0,85)=(0,65)",128,0,279,0
 100               		.stabs	"int_farptr_t:t(0,86)=(0,62)",128,0,77,0
 101               		.stabs	"uint_farptr_t:t(0,87)=(0,63)",128,0,81,0
 102               		.stabs	"._0:Tt(0,88)=s3low:(0,13),0,8;high:(0,13),8,8;extended:(0,13),16,8;;",128,0,240,0
 103               		.stabs	"__fuse_t:t(0,88)",128,0,244,0
 104               		.stabs	"Ports:t(0,89)=@s8;eA:0,B:1,C:2,D:3,;",128,0,20,0
 105               		.stabs	"led:Tt(0,90)=s3port_:/0(0,89),0,8;pin1_:/0(0,59),8,8;pin2_:/0(0,59),16,8;__base_ctor ::(0,
 106               		.stabs	"_ZN7libpout3ledC2ENS_5PortsEhh:F(0,4)",36,0,21,_ZN7libpout3ledC2ENS_5PortsEhh
 107               		.stabs	"this:P(0,94)=k(0,92)",64,0,21,30
 108               		.stabs	"port:P(0,89)",64,0,21,22
 109               		.stabs	"pin1:P(0,59)",64,0,21,20
 110               		.stabs	"pin2:P(0,59)",64,0,21,18
 111               	.global	_ZN7libpout3ledC2ENS_5PortsEhh
 112               		.type	_ZN7libpout3ledC2ENS_5PortsEhh, @function
 113               	_ZN7libpout3ledC2ENS_5PortsEhh:
 114               		.stabd	46,0,0
GAS LISTING /tmp/ccbPuX8P.s 			page 3


   1:src/led.cpp   **** /**
   2:src/led.cpp   ****  * Copyright © 2014
   3:src/led.cpp   ****  * Louis Racicot <info@louisracicot.com>, Samuel Rondeau, Weiwei Liang, Feriel Charfeddine
   4:src/led.cpp   ****  *
   5:src/led.cpp   ****  * This program is free software. It comes without any warranty, to
   6:src/led.cpp   ****  * the extent permitted by applicable law. You can redistribute it
   7:src/led.cpp   ****  * and/or modify it under the terms of the Do What The Fuck You Want
   8:src/led.cpp   ****  * To Public License, Version 2, as published by Sam Hocevar. See
   9:src/led.cpp   ****  * http://www.wtfpl.net/ for more details.
  10:src/led.cpp   ****  */
  11:src/led.cpp   **** #ifndef F_CPU
  12:src/led.cpp   **** # warning "F_CPU pas defini pour 'led.cpp'"
  13:src/led.cpp   **** # define F_CPU 8000000UL
  14:src/led.cpp   **** #endif
  15:src/led.cpp   **** 
  16:src/led.cpp   **** #include "led.h"
  17:src/led.cpp   **** 
  18:src/led.cpp   **** using namespace libpout;
  19:src/led.cpp   **** 
  20:src/led.cpp   **** 
  21:src/led.cpp   **** led::led(Ports port, uint8_t pin1, uint8_t pin2)
 115               		.stabn	68,0,21,.LM0-.LFBB1
 116               	.LM0:
 117               	.LFBB1:
 118               	/* prologue: function */
 119               	/* frame size = 0 */
 120               	/* stack size = 0 */
 121               	.L__stack_usage = 0
 122 0000 FC01      		movw r30,r24
 123               	.LBB2:
  22:src/led.cpp   **** {
  23:src/led.cpp   **** 	if (pin1 == pin2 || pin1 > 7 || pin2 > 7) {
 124               		.stabn	68,0,23,.LM1-.LFBB1
 125               	.LM1:
 126 0002 4217      		cp r20,r18
 127 0004 01F0      		breq .L1
 128               		.stabn	68,0,23,.LM2-.LFBB1
 129               	.LM2:
 130 0006 4830      		cpi r20,lo8(8)
 131 0008 00F4      		brsh .L1
 132               		.stabn	68,0,23,.LM3-.LFBB1
 133               	.LM3:
 134 000a 2830      		cpi r18,lo8(8)
 135 000c 00F4      		brsh .L1
  24:src/led.cpp   **** 		return;
  25:src/led.cpp   **** 	}
  26:src/led.cpp   **** 
  27:src/led.cpp   **** 	port_ = port;
 136               		.stabn	68,0,27,.LM4-.LFBB1
 137               	.LM4:
 138 000e 6083      		st Z,r22
  28:src/led.cpp   **** 
  29:src/led.cpp   **** 	// DMUX. For example, if pin1 = 3, than pin1_= 00001000.
  30:src/led.cpp   **** 	pin1_ = 0x1 << pin1;
 139               		.stabn	68,0,30,.LM5-.LFBB1
 140               	.LM5:
 141 0010 91E0      		ldi r25,lo8(1)
GAS LISTING /tmp/ccbPuX8P.s 			page 4


 142 0012 892F      		mov r24,r25
 143 0014 00C0      		rjmp 2f
 144               		1:
 145 0016 880F      		lsl r24
 146               		2:
 147 0018 4A95      		dec r20
 148 001a 02F4      		brpl 1b
 149 001c 8183      		std Z+1,r24
  31:src/led.cpp   **** 	pin2_ = 0x1 << pin2;
 150               		.stabn	68,0,31,.LM6-.LFBB1
 151               	.LM6:
 152 001e 00C0      		rjmp 2f
 153               		1:
 154 0020 990F      		lsl r25
 155               		2:
 156 0022 2A95      		dec r18
 157 0024 02F4      		brpl 1b
 158 0026 9283      		std Z+2,r25
 159               	.L1:
 160 0028 0895      		ret
 161               	.LBE2:
 162               		.size	_ZN7libpout3ledC2ENS_5PortsEhh, .-_ZN7libpout3ledC2ENS_5PortsEhh
 163               	.Lscope1:
 164               		.stabs	"",36,0,0,.Lscope1-.LFBB1
 165               		.stabd	78,0,0
 166               	.global	_ZN7libpout3ledC1ENS_5PortsEhh
 167               		.set	_ZN7libpout3ledC1ENS_5PortsEhh,_ZN7libpout3ledC2ENS_5PortsEhh
 168               		.stabs	"_ZN7libpout3led10lightOnRedEv:F(0,4)",36,0,34,_ZN7libpout3led10lightOnRedEv
 169               		.stabs	"this:P(0,94)",64,0,34,30
 170               	.global	_ZN7libpout3led10lightOnRedEv
 171               		.type	_ZN7libpout3led10lightOnRedEv, @function
 172               	_ZN7libpout3led10lightOnRedEv:
 173               		.stabd	46,0,0
  32:src/led.cpp   **** }
  33:src/led.cpp   **** 
  34:src/led.cpp   **** void led::lightOnRed()
  35:src/led.cpp   **** {
 174               		.stabn	68,0,35,.LM7-.LFBB2
 175               	.LM7:
 176               	.LFBB2:
 177               	/* prologue: function */
 178               	/* frame size = 0 */
 179               	/* stack size = 0 */
 180               	.L__stack_usage = 0
 181 002a FC01      		movw r30,r24
  36:src/led.cpp   **** 	switch (port_) {
 182               		.stabn	68,0,36,.LM8-.LFBB2
 183               	.LM8:
 184 002c 8081      		ld r24,Z
 185 002e 8130      		cpi r24,lo8(1)
 186 0030 01F0      		breq .L6
 187 0032 00F0      		brlo .L7
 188 0034 8230      		cpi r24,lo8(2)
 189 0036 01F0      		breq .L8
 190 0038 8330      		cpi r24,lo8(3)
 191 003a 01F0      		breq .L9
 192 003c 0895      		ret
GAS LISTING /tmp/ccbPuX8P.s 			page 5


 193               	.L7:
  37:src/led.cpp   **** 		// We only want the "pin1" to be set to "1"
  38:src/led.cpp   **** 		// So if "pin1" is for example the fourth pin (pin1=00001000)
  39:src/led.cpp   **** 		// PORTA |= 00001000;
  40:src/led.cpp   **** 		// This means:
  41:src/led.cpp   **** 		//    xxxxxxxx
  42:src/led.cpp   **** 		// |= 00001000
  43:src/led.cpp   **** 		//    --------
  44:src/led.cpp   **** 		//    xxxx1xxx
  45:src/led.cpp   **** 		//
  46:src/led.cpp   **** 		// We also want the other pin to be set to "0"
  47:src/led.cpp   **** 		// So if "pin2" is for example the third pin (pin2=00000100)
  48:src/led.cpp   **** 		// PORTA &= ~(0000100);
  49:src/led.cpp   **** 		// This means:
  50:src/led.cpp   **** 		//    xxxx1xxx
  51:src/led.cpp   **** 		// &= 11111011
  52:src/led.cpp   **** 		//    --------
  53:src/led.cpp   **** 		//    xxxx10xx
  54:src/led.cpp   ****         //
  55:src/led.cpp   **** 		// That way the electricity goes in the right direction!
  56:src/led.cpp   **** 		case A:
  57:src/led.cpp   **** 			PORTA |= pin1_;
 194               		.stabn	68,0,57,.LM9-.LFBB2
 195               	.LM9:
 196 003e 92B1      		in r25,0x2
 197 0040 8181      		ldd r24,Z+1
 198 0042 892B      		or r24,r25
 199 0044 82B9      		out 0x2,r24
  58:src/led.cpp   **** 			PORTA &= ~pin2_;
 200               		.stabn	68,0,58,.LM10-.LFBB2
 201               	.LM10:
 202 0046 92B1      		in r25,0x2
 203 0048 8281      		ldd r24,Z+2
 204 004a 8095      		com r24
 205 004c 8923      		and r24,r25
 206 004e 82B9      		out 0x2,r24
 207               	.L6:
  59:src/led.cpp   **** 		case B:
  60:src/led.cpp   **** 			PORTB |= pin1_;
 208               		.stabn	68,0,60,.LM11-.LFBB2
 209               	.LM11:
 210 0050 95B1      		in r25,0x5
 211 0052 8181      		ldd r24,Z+1
 212 0054 892B      		or r24,r25
 213 0056 85B9      		out 0x5,r24
  61:src/led.cpp   **** 			PORTB &= ~pin2_;
 214               		.stabn	68,0,61,.LM12-.LFBB2
 215               	.LM12:
 216 0058 95B1      		in r25,0x5
 217 005a 8281      		ldd r24,Z+2
 218 005c 8095      		com r24
 219 005e 8923      		and r24,r25
 220 0060 85B9      		out 0x5,r24
 221               	.L8:
  62:src/led.cpp   **** 		case C:
  63:src/led.cpp   **** 			PORTC |= pin1_;
 222               		.stabn	68,0,63,.LM13-.LFBB2
GAS LISTING /tmp/ccbPuX8P.s 			page 6


 223               	.LM13:
 224 0062 98B1      		in r25,0x8
 225 0064 8181      		ldd r24,Z+1
 226 0066 892B      		or r24,r25
 227 0068 88B9      		out 0x8,r24
  64:src/led.cpp   **** 			PORTC &= ~pin2_;
 228               		.stabn	68,0,64,.LM14-.LFBB2
 229               	.LM14:
 230 006a 98B1      		in r25,0x8
 231 006c 8281      		ldd r24,Z+2
 232 006e 8095      		com r24
 233 0070 8923      		and r24,r25
 234 0072 88B9      		out 0x8,r24
 235               	.L9:
  65:src/led.cpp   **** 		case D:
  66:src/led.cpp   **** 			PORTD |= pin1_;
 236               		.stabn	68,0,66,.LM15-.LFBB2
 237               	.LM15:
 238 0074 9BB1      		in r25,0xb
 239 0076 8181      		ldd r24,Z+1
 240 0078 892B      		or r24,r25
 241 007a 8BB9      		out 0xb,r24
  67:src/led.cpp   **** 			PORTD &= ~pin2_;
 242               		.stabn	68,0,67,.LM16-.LFBB2
 243               	.LM16:
 244 007c 9BB1      		in r25,0xb
 245 007e 8281      		ldd r24,Z+2
 246 0080 8095      		com r24
 247 0082 8923      		and r24,r25
 248 0084 8BB9      		out 0xb,r24
 249 0086 0895      		ret
 250               		.size	_ZN7libpout3led10lightOnRedEv, .-_ZN7libpout3led10lightOnRedEv
 251               	.Lscope2:
 252               		.stabs	"",36,0,0,.Lscope2-.LFBB2
 253               		.stabd	78,0,0
 254               		.stabs	"_ZN7libpout3led12lightOnGreenEv:F(0,4)",36,0,71,_ZN7libpout3led12lightOnGreenEv
 255               		.stabs	"this:P(0,94)",64,0,71,30
 256               	.global	_ZN7libpout3led12lightOnGreenEv
 257               		.type	_ZN7libpout3led12lightOnGreenEv, @function
 258               	_ZN7libpout3led12lightOnGreenEv:
 259               		.stabd	46,0,0
  68:src/led.cpp   **** 	}
  69:src/led.cpp   **** }
  70:src/led.cpp   **** 
  71:src/led.cpp   **** void led::lightOnGreen()
  72:src/led.cpp   **** {
 260               		.stabn	68,0,72,.LM17-.LFBB3
 261               	.LM17:
 262               	.LFBB3:
 263               	/* prologue: function */
 264               	/* frame size = 0 */
 265               	/* stack size = 0 */
 266               	.L__stack_usage = 0
 267 0088 FC01      		movw r30,r24
  73:src/led.cpp   **** 	switch (port_) {
 268               		.stabn	68,0,73,.LM18-.LFBB3
 269               	.LM18:
GAS LISTING /tmp/ccbPuX8P.s 			page 7


 270 008a 8081      		ld r24,Z
 271 008c 8130      		cpi r24,lo8(1)
 272 008e 01F0      		breq .L21
 273 0090 00F0      		brlo .L22
 274 0092 8230      		cpi r24,lo8(2)
 275 0094 01F0      		breq .L23
 276 0096 8330      		cpi r24,lo8(3)
 277 0098 01F0      		breq .L24
 278 009a 0895      		ret
 279               	.L22:
  74:src/led.cpp   **** 		case A:
  75:src/led.cpp   **** 			PORTA |= pin2_;
 280               		.stabn	68,0,75,.LM19-.LFBB3
 281               	.LM19:
 282 009c 92B1      		in r25,0x2
 283 009e 8281      		ldd r24,Z+2
 284 00a0 892B      		or r24,r25
 285 00a2 82B9      		out 0x2,r24
  76:src/led.cpp   **** 			PORTA &= ~pin1_;
 286               		.stabn	68,0,76,.LM20-.LFBB3
 287               	.LM20:
 288 00a4 92B1      		in r25,0x2
 289 00a6 8181      		ldd r24,Z+1
 290 00a8 8095      		com r24
 291 00aa 8923      		and r24,r25
 292 00ac 82B9      		out 0x2,r24
 293               	.L21:
  77:src/led.cpp   **** 		case B:
  78:src/led.cpp   **** 			PORTB |= pin2_;
 294               		.stabn	68,0,78,.LM21-.LFBB3
 295               	.LM21:
 296 00ae 95B1      		in r25,0x5
 297 00b0 8281      		ldd r24,Z+2
 298 00b2 892B      		or r24,r25
 299 00b4 85B9      		out 0x5,r24
  79:src/led.cpp   **** 			PORTB &= ~pin1_;
 300               		.stabn	68,0,79,.LM22-.LFBB3
 301               	.LM22:
 302 00b6 95B1      		in r25,0x5
 303 00b8 8181      		ldd r24,Z+1
 304 00ba 8095      		com r24
 305 00bc 8923      		and r24,r25
 306 00be 85B9      		out 0x5,r24
 307               	.L23:
  80:src/led.cpp   **** 		case C:
  81:src/led.cpp   **** 			PORTC |= pin2_;
 308               		.stabn	68,0,81,.LM23-.LFBB3
 309               	.LM23:
 310 00c0 98B1      		in r25,0x8
 311 00c2 8281      		ldd r24,Z+2
 312 00c4 892B      		or r24,r25
 313 00c6 88B9      		out 0x8,r24
  82:src/led.cpp   **** 			PORTC &= ~pin1_;
 314               		.stabn	68,0,82,.LM24-.LFBB3
 315               	.LM24:
 316 00c8 98B1      		in r25,0x8
 317 00ca 8181      		ldd r24,Z+1
GAS LISTING /tmp/ccbPuX8P.s 			page 8


 318 00cc 8095      		com r24
 319 00ce 8923      		and r24,r25
 320 00d0 88B9      		out 0x8,r24
 321               	.L24:
  83:src/led.cpp   **** 		case D:
  84:src/led.cpp   **** 			PORTD |= pin2_;
 322               		.stabn	68,0,84,.LM25-.LFBB3
 323               	.LM25:
 324 00d2 9BB1      		in r25,0xb
 325 00d4 8281      		ldd r24,Z+2
 326 00d6 892B      		or r24,r25
 327 00d8 8BB9      		out 0xb,r24
  85:src/led.cpp   **** 			PORTD &= ~pin1_;
 328               		.stabn	68,0,85,.LM26-.LFBB3
 329               	.LM26:
 330 00da 9BB1      		in r25,0xb
 331 00dc 8181      		ldd r24,Z+1
 332 00de 8095      		com r24
 333 00e0 8923      		and r24,r25
 334 00e2 8BB9      		out 0xb,r24
 335 00e4 0895      		ret
 336               		.size	_ZN7libpout3led12lightOnGreenEv, .-_ZN7libpout3led12lightOnGreenEv
 337               	.Lscope3:
 338               		.stabs	"",36,0,0,.Lscope3-.LFBB3
 339               		.stabd	78,0,0
 340               		.stabs	"_ZN7libpout3led8lightOffEv:F(0,4)",36,0,89,_ZN7libpout3led8lightOffEv
 341               		.stabs	"this:P(0,94)",64,0,89,30
 342               	.global	_ZN7libpout3led8lightOffEv
 343               		.type	_ZN7libpout3led8lightOffEv, @function
 344               	_ZN7libpout3led8lightOffEv:
 345               		.stabd	46,0,0
  86:src/led.cpp   **** 	}
  87:src/led.cpp   **** }
  88:src/led.cpp   **** 
  89:src/led.cpp   **** void led::lightOff()
  90:src/led.cpp   **** {
 346               		.stabn	68,0,90,.LM27-.LFBB4
 347               	.LM27:
 348               	.LFBB4:
 349               	/* prologue: function */
 350               	/* frame size = 0 */
 351               	/* stack size = 0 */
 352               	.L__stack_usage = 0
 353 00e6 FC01      		movw r30,r24
  91:src/led.cpp   **** 	switch (port_) {
 354               		.stabn	68,0,91,.LM28-.LFBB4
 355               	.LM28:
 356 00e8 8081      		ld r24,Z
 357 00ea 8130      		cpi r24,lo8(1)
 358 00ec 01F0      		breq .L36
 359 00ee 00F0      		brlo .L37
 360 00f0 8230      		cpi r24,lo8(2)
 361 00f2 01F0      		breq .L38
 362 00f4 8330      		cpi r24,lo8(3)
 363 00f6 01F0      		breq .L39
 364 00f8 0895      		ret
 365               	.L37:
GAS LISTING /tmp/ccbPuX8P.s 			page 9


  92:src/led.cpp   **** 		case A:
  93:src/led.cpp   **** 			PORTA &= ~pin1_;
 366               		.stabn	68,0,93,.LM29-.LFBB4
 367               	.LM29:
 368 00fa 92B1      		in r25,0x2
 369 00fc 8181      		ldd r24,Z+1
 370 00fe 8095      		com r24
 371 0100 8923      		and r24,r25
 372 0102 82B9      		out 0x2,r24
  94:src/led.cpp   **** 			PORTA &= ~pin2_;
 373               		.stabn	68,0,94,.LM30-.LFBB4
 374               	.LM30:
 375 0104 92B1      		in r25,0x2
 376 0106 8281      		ldd r24,Z+2
 377 0108 8095      		com r24
 378 010a 8923      		and r24,r25
 379 010c 82B9      		out 0x2,r24
 380               	.L36:
  95:src/led.cpp   **** 		case B:
  96:src/led.cpp   **** 			PORTB &= ~pin1_;
 381               		.stabn	68,0,96,.LM31-.LFBB4
 382               	.LM31:
 383 010e 95B1      		in r25,0x5
 384 0110 8181      		ldd r24,Z+1
 385 0112 8095      		com r24
 386 0114 8923      		and r24,r25
 387 0116 85B9      		out 0x5,r24
  97:src/led.cpp   **** 			PORTB &= ~pin2_;
 388               		.stabn	68,0,97,.LM32-.LFBB4
 389               	.LM32:
 390 0118 95B1      		in r25,0x5
 391 011a 8281      		ldd r24,Z+2
 392 011c 8095      		com r24
 393 011e 8923      		and r24,r25
 394 0120 85B9      		out 0x5,r24
 395               	.L38:
  98:src/led.cpp   **** 		case C:
  99:src/led.cpp   **** 			PORTC &= ~pin1_;
 396               		.stabn	68,0,99,.LM33-.LFBB4
 397               	.LM33:
 398 0122 98B1      		in r25,0x8
 399 0124 8181      		ldd r24,Z+1
 400 0126 8095      		com r24
 401 0128 8923      		and r24,r25
 402 012a 88B9      		out 0x8,r24
 100:src/led.cpp   **** 			PORTC &= ~pin2_;
 403               		.stabn	68,0,100,.LM34-.LFBB4
 404               	.LM34:
 405 012c 98B1      		in r25,0x8
 406 012e 8281      		ldd r24,Z+2
 407 0130 8095      		com r24
 408 0132 8923      		and r24,r25
 409 0134 88B9      		out 0x8,r24
 410               	.L39:
 101:src/led.cpp   **** 		case D:
 102:src/led.cpp   **** 			PORTD &= ~pin1_;
 411               		.stabn	68,0,102,.LM35-.LFBB4
GAS LISTING /tmp/ccbPuX8P.s 			page 10


 412               	.LM35:
 413 0136 9BB1      		in r25,0xb
 414 0138 8181      		ldd r24,Z+1
 415 013a 8095      		com r24
 416 013c 8923      		and r24,r25
 417 013e 8BB9      		out 0xb,r24
 103:src/led.cpp   **** 			PORTD &= ~pin2_;
 418               		.stabn	68,0,103,.LM36-.LFBB4
 419               	.LM36:
 420 0140 9BB1      		in r25,0xb
 421 0142 8281      		ldd r24,Z+2
 422 0144 8095      		com r24
 423 0146 8923      		and r24,r25
 424 0148 8BB9      		out 0xb,r24
 425 014a 0895      		ret
 426               		.size	_ZN7libpout3led8lightOffEv, .-_ZN7libpout3led8lightOffEv
 427               	.Lscope4:
 428               		.stabs	"",36,0,0,.Lscope4-.LFBB4
 429               		.stabd	78,0,0
 430               		.stabs	"",100,0,0,.Letext0
 431               	.Letext0:
 432               		.ident	"GCC: (GNU) 4.9.2"
GAS LISTING /tmp/ccbPuX8P.s 			page 11


DEFINED SYMBOLS
                            *ABS*:0000000000000000 led.cpp
     /tmp/ccbPuX8P.s:2      *ABS*:000000000000003e __SP_H__
     /tmp/ccbPuX8P.s:3      *ABS*:000000000000003d __SP_L__
     /tmp/ccbPuX8P.s:4      *ABS*:000000000000003f __SREG__
     /tmp/ccbPuX8P.s:5      *ABS*:0000000000000000 __tmp_reg__
     /tmp/ccbPuX8P.s:6      *ABS*:0000000000000001 __zero_reg__
     /tmp/ccbPuX8P.s:113    .text:0000000000000000 _ZN7libpout3ledC2ENS_5PortsEhh
     /tmp/ccbPuX8P.s:113    .text:0000000000000000 _ZN7libpout3ledC1ENS_5PortsEhh
     /tmp/ccbPuX8P.s:172    .text:000000000000002a _ZN7libpout3led10lightOnRedEv
     /tmp/ccbPuX8P.s:258    .text:0000000000000088 _ZN7libpout3led12lightOnGreenEv
     /tmp/ccbPuX8P.s:344    .text:00000000000000e6 _ZN7libpout3led8lightOffEv

NO UNDEFINED SYMBOLS
