La génération a démarré 2015-03-23 09:01:11.
     1>Projet "X:\Bureau\PolyMediaTV_TP5_VS2010\PolyMediaTV_TP5_VS2010\PolyMediaTV\PMTVMedia\PMTVMedia.vcxproj" sur le nœud 3 (Build cible(s)).
     1>ClCompile:
         C:\Program Files (x86)\Microsoft Visual Studio 12.0\VC\bin\CL.exe /c /I../ /ZI /nologo /W3 /WX- /Od /Oy- /D _MBCS /Gm /EHsc /RTC1 /MDd /GS /fp:precise /Zc:wchar_t /Zc:forScope /Fo"Debug\\" /Fd"Debug\vc120.pdb" /Gd /TP /analyze- /errorReport:prompt PMTVMedia_Media.cpp PMTVMedia_MediaInfo.cpp PMTVMedia_Movie.cpp PMTVMedia_MovieInfo.cpp PMTVMedia_MediaLibrary.cpp PMTVMedia_LogicFilter.cpp PMTVMedia_MediaFilter.cpp PMTVMedia_MovieRatingFilter.cpp PMTVMedia_MovieThemeFilter.cpp PMTVMedia_MediaExtractor.cpp
         PMTVMedia_MediaExtractor.cpp
         PMTVMedia_MovieThemeFilter.cpp
         PMTVMedia_MovieRatingFilter.cpp
         PMTVMedia_MediaFilter.cpp
         PMTVMedia_LogicFilter.cpp
         PMTVMedia_MediaLibrary.cpp
         PMTVMedia_MovieInfo.cpp
         PMTVMedia_Movie.cpp
         PMTVMedia_MediaInfo.cpp
         PMTVMedia_Media.cpp
         Génération de code en cours...
       Lib:
         C:\Program Files (x86)\Microsoft Visual Studio 12.0\VC\bin\Lib.exe /OUT:"X:\Bureau\PolyMediaTV_TP5_VS2010\PolyMediaTV_TP5_VS2010\PolyMediaTV\Debug\PMTVMedia.lib" /NOLOGO Debug\PMTVMedia_Media.obj
         Debug\PMTVMedia_MediaInfo.obj
         Debug\PMTVMedia_Movie.obj
         Debug\PMTVMedia_MovieInfo.obj
         Debug\PMTVMedia_MediaLibrary.obj
         Debug\PMTVMedia_LogicFilter.obj
         Debug\PMTVMedia_MediaFilter.obj
         Debug\PMTVMedia_MovieRatingFilter.obj
         Debug\PMTVMedia_MovieThemeFilter.obj
         Debug\PMTVMedia_MediaExtractor.obj
     1>PMTVMedia_MediaFilter.obj : warning LNK4221: Ce fichier objet ne dÚfinit pas de symboles publics jusqu'ici non dÚfinis. Par consÚquent, il ne sera utilisÚ par aucune opÚration de lien utilisant cette bibliothÞque
     1>PMTVMedia_MediaInfo.obj : warning LNK4221: Ce fichier objet ne dÚfinit pas de symboles publics jusqu'ici non dÚfinis. Par consÚquent, il ne sera utilisÚ par aucune opÚration de lien utilisant cette bibliothÞque
     1>PMTVMedia_Media.obj : warning LNK4221: Ce fichier objet ne dÚfinit pas de symboles publics jusqu'ici non dÚfinis. Par consÚquent, il ne sera utilisÚ par aucune opÚration de lien utilisant cette bibliothÞque
         PMTVMedia.vcxproj -> X:\Bureau\PolyMediaTV_TP5_VS2010\PolyMediaTV_TP5_VS2010\PolyMediaTV\Debug\PMTVMedia.lib
     1>Génération du projet "X:\Bureau\PolyMediaTV_TP5_VS2010\PolyMediaTV_TP5_VS2010\PolyMediaTV\PMTVMedia\PMTVMedia.vcxproj" terminée (Build cible(s)).

La génération a réussi.

Temps écoulé 00:00:06.12
