x:\documents\polymediatv_tp4\polymediatv_tp4\polymediatv\debug\pmtvmedia.lib
x:\documents\polymediatv_tp4\polymediatv\debug\pmtvmedia.lib
x:\documents\polymediatv_tp4\polymediatv_tp4\polymediatv\pmtvmedia\debug\vc120.pdb
x:\documents\polymediatv_tp4\polymediatv_tp4\polymediatv\pmtvmedia\debug\vc120.idb
x:\documents\polymediatv_tp4\polymediatv_tp4\polymediatv\pmtvmedia\debug\pmtvmedia_media.obj
x:\documents\polymediatv_tp4\polymediatv_tp4\polymediatv\pmtvmedia\debug\pmtvmedia_mediainfo.obj
x:\documents\polymediatv_tp4\polymediatv_tp4\polymediatv\pmtvmedia\debug\pmtvmedia_movie.obj
x:\documents\polymediatv_tp4\polymediatv_tp4\polymediatv\pmtvmedia\debug\pmtvmedia_movieinfo.obj
x:\documents\polymediatv_tp4\polymediatv_tp4\polymediatv\pmtvmedia\debug\pmtvmedia_medialibrary.obj
x:\documents\polymediatv_tp4\polymediatv_tp4\polymediatv\pmtvmedia\debug\pmtvmedia_logicfilter.obj
x:\documents\polymediatv_tp4\polymediatv_tp4\polymediatv\pmtvmedia\debug\pmtvmedia_mediafilter.obj
x:\documents\polymediatv_tp4\polymediatv_tp4\polymediatv\pmtvmedia\debug\pmtvmedia_movieratingfilter.obj
x:\documents\polymediatv_tp4\polymediatv_tp4\polymediatv\pmtvmedia\debug\pmtvmedia_moviethemefilter.obj
x:\documents\polymediatv_tp4\polymediatv\pmtvmedia\debug\vc120.pdb
x:\documents\polymediatv_tp4\polymediatv\pmtvmedia\debug\vc120.idb
x:\documents\polymediatv_tp4\polymediatv\pmtvmedia\debug\pmtvmedia_media.obj
x:\documents\polymediatv_tp4\polymediatv\pmtvmedia\debug\pmtvmedia_mediainfo.obj
x:\documents\polymediatv_tp4\polymediatv\pmtvmedia\debug\pmtvmedia_movie.obj
x:\documents\polymediatv_tp4\polymediatv\pmtvmedia\debug\pmtvmedia_movieinfo.obj
x:\documents\polymediatv_tp4\polymediatv\pmtvmedia\debug\pmtvmedia_medialibrary.obj
x:\documents\polymediatv_tp4\polymediatv\pmtvmedia\debug\pmtvmedia_logicfilter.obj
x:\documents\polymediatv_tp4\polymediatv\pmtvmedia\debug\pmtvmedia_mediafilter.obj
x:\documents\polymediatv_tp4\polymediatv\pmtvmedia\debug\pmtvmedia_movieratingfilter.obj
x:\documents\polymediatv_tp4\polymediatv\pmtvmedia\debug\pmtvmedia_moviethemefilter.obj
x:\documents\polymediatv_tp4\polymediatv\pmtvmedia\debug\pmtvmedia.tlog\cl.read.1.tlog
x:\documents\polymediatv_tp4\polymediatv\pmtvmedia\debug\pmtvmedia.tlog\lib-link.read.1.tlog
x:\documents\polymediatv_tp4\polymediatv\pmtvmedia\debug\pmtvmedia.tlog\cl.command.1.tlog
x:\documents\polymediatv_tp4\polymediatv\pmtvmedia\debug\pmtvmedia.tlog\lib.command.1.tlog
x:\documents\polymediatv_tp4\polymediatv\pmtvmedia\debug\pmtvmedia.tlog\lib-link.write.1.tlog
x:\documents\polymediatv_tp4\polymediatv\pmtvmedia\debug\pmtvmedia.tlog\cl.write.1.tlog
